<?xml version="1.0" encoding="UTF-8"?>
<!-- Generated by org.testng.reporters.JUnitReportReporter -->
<testsuite skipped="0" hostname="DESKTOP-DR9ND5S" name="testClasses.KiteTest_1" tests="1" failures="0" timestamp="2022-04-21T20:31:40 IST" time="1.061" errors="0">
  <testcase name="validCredentialLogin" time="1.061" classname="testClasses.KiteTest_1"/>
  <system-out/>
</testsuite> <!-- testClasses.KiteTest_1 -->
